[uWSGI] getting INI configuration from ../../../sites-script/simple_client_server_uwsgi.ini
*** Starting uWSGI 2.0 (64bit) on [Fri Jan  3 16:31:01 2014] ***
compiled with version: 4.5.2 on 03 January 2014 12:13:08
os: Linux-2.6.35-22-server #35-Ubuntu SMP Sat Oct 16 22:02:33 UTC 2010
nodename: MyServer
machine: x86_64
clock source: unix
detected number of CPU cores: 1
current working directory: /root/mysite/sites/simple_client_server
detected binary path: /usr/local/bin/uwsgi
!!! no internal routing support, rebuild with pcre support !!!
uWSGI running as root, you can use --uid/--gid/--chroot options
*** WARNING: you are running uWSGI as root !!! (use the --uid flag) *** 
your memory page size is 4096 bytes
detected max file descriptor number: 1024
lock engine: pthread robust mutexes
thunder lock: disabled (you can enable it with --thunder-lock)
uwsgi socket 0 bound to UNIX address /root/mysite/sites/simple_client_server/simple_client_server.sock fd 3
Python version: 2.7.1+ (r271:86832, Sep 27 2012, 21:22:46)  [GCC 4.5.2]
Set PythonHome to /root/mysite
*** Python threads support is disabled. You can enable it with --enable-threads ***
Python main interpreter initialized at 0x244ca60
your server socket listen backlog is limited to 100 connections
your mercy for graceful operations on workers is 60 seconds
mapped 800360 bytes (781 KB) for 10 cores
*** Operational MODE: preforking ***
WSGI app 0 (mountpoint='') ready in 0 seconds on interpreter 0x244ca60 pid: 3821 (default app)
*** uWSGI is running in multiple interpreter mode ***
spawned uWSGI master process (pid: 3821)
spawned uWSGI worker 1 (pid: 3822, cores: 1)
spawned uWSGI worker 2 (pid: 3823, cores: 1)
spawned uWSGI worker 3 (pid: 3824, cores: 1)
spawned uWSGI worker 4 (pid: 3825, cores: 1)
spawned uWSGI worker 5 (pid: 3826, cores: 1)
spawned uWSGI worker 6 (pid: 3827, cores: 1)
spawned uWSGI worker 7 (pid: 3828, cores: 1)
spawned uWSGI worker 8 (pid: 3829, cores: 1)
spawned uWSGI worker 9 (pid: 3830, cores: 1)
spawned uWSGI worker 10 (pid: 3831, cores: 1)
[pid: 3831|app: 0|req: 1/1] 58.51.36.95 () {38 vars in 729 bytes} [Fri Jan  3 02:31:08 2014] GET /admin/onedayonejoke/joke/add/ => generated 1911 bytes in 127 msecs (HTTP/1.1 200) 7 headers in 438 bytes (1 switches on core 0)
[pid: 3830|app: 0|req: 1/2] 58.51.36.95 () {44 vars in 921 bytes} [Fri Jan  3 02:31:11 2014] POST /admin/onedayonejoke/joke/add/ => generated 0 bytes in 156 msecs (HTTP/1.1 302) 8 headers in 512 bytes (2 switches on core 0)
[pid: 3831|app: 0|req: 2/3] 58.51.36.95 () {40 vars in 804 bytes} [Fri Jan  3 02:31:11 2014] GET /admin/onedayonejoke/joke/add/ => generated 6173 bytes in 30 msecs (HTTP/1.1 200) 6 headers in 307 bytes (1 switches on core 0)
[pid: 3830|app: 0|req: 2/4] 58.51.36.95 () {40 vars in 712 bytes} [Fri Jan  3 02:31:12 2014] GET /admin/jsi18n/ => generated 2372 bytes in 5 msecs (HTTP/1.1 200) 2 headers in 64 bytes (1 switches on core 0)
[pid: 3831|app: 0|req: 3/5] 58.51.36.95 () {40 vars in 784 bytes} [Fri Jan  3 02:31:29 2014] GET /admin/onedayonejoke/joke/add/ => generated 6173 bytes in 29 msecs (HTTP/1.1 200) 6 headers in 307 bytes (2 switches on core 0)
[pid: 3830|app: 0|req: 3/6] 58.51.36.95 () {40 vars in 712 bytes} [Fri Jan  3 02:31:30 2014] GET /admin/jsi18n/ => generated 2372 bytes in 10 msecs (HTTP/1.1 200) 2 headers in 64 bytes (1 switches on core 0)
[pid: 3831|app: 0|req: 4/7] 58.51.36.95 () {40 vars in 819 bytes} [Fri Jan  3 02:31:40 2014] GET /admin/onedayonejoke/tag/add/?_popup=1 => generated 2427 bytes in 43 msecs (HTTP/1.1 200) 6 headers in 307 bytes (1 switches on core 0)
[pid: 3830|app: 0|req: 4/8] 58.51.36.95 () {40 vars in 720 bytes} [Fri Jan  3 02:31:40 2014] GET /admin/jsi18n/ => generated 2372 bytes in 9 msecs (HTTP/1.1 200) 2 headers in 64 bytes (1 switches on core 0)
[pid: 3831|app: 0|req: 5/9] 58.51.36.95 () {44 vars in 1020 bytes} [Fri Jan  3 02:31:44 2014] POST /admin/onedayonejoke/tag/add/?_popup=1 => generated 188 bytes in 13 msecs (HTTP/1.1 200) 5 headers in 185 bytes (1 switches on core 0)
[pid: 3830|app: 0|req: 5/10] 58.51.36.95 () {44 vars in 995 bytes} [Fri Jan  3 02:32:01 2014] POST /admin/onedayonejoke/joke/add/ => generated 0 bytes in 29 msecs (HTTP/1.1 302) 7 headers in 423 bytes (1 switches on core 0)
[pid: 3831|app: 0|req: 6/11] 58.51.36.95 () {40 vars in 943 bytes} [Fri Jan  3 02:32:01 2014] GET /admin/onedayonejoke/joke/ => generated 4875 bytes in 67 msecs (HTTP/1.1 200) 7 headers in 389 bytes (1 switches on core 0)
[pid: 3830|app: 0|req: 6/12] 58.51.36.95 () {40 vars in 708 bytes} [Fri Jan  3 02:32:01 2014] GET /admin/jsi18n/ => generated 2372 bytes in 8 msecs (HTTP/1.1 200) 2 headers in 64 bytes (1 switches on core 0)
Fri Jan  3 17:00:37 2014 - uWSGI worker 1 screams: UAAAAAAH my master disconnected: i will kill myself !!!
Fri Jan  3 17:00:37 2014 - uWSGI worker 2 screams: UAAAAAAH my master disconnected: i will kill myself !!!
Fri Jan  3 17:00:37 2014 - uWSGI worker 3 screams: UAAAAAAH my master disconnected: i will kill myself !!!
Fri Jan  3 17:00:37 2014 - uWSGI worker 4 screams: UAAAAAAH my master disconnected: i will kill myself !!!
Fri Jan  3 17:00:37 2014 - uWSGI worker 5 screams: UAAAAAAH my master disconnected: i will kill myself !!!
Fri Jan  3 17:00:37 2014 - uWSGI worker 6 screams: UAAAAAAH my master disconnected: i will kill myself !!!
Fri Jan  3 17:00:37 2014 - uWSGI worker 7 screams: UAAAAAAH my master disconnected: i will kill myself !!!
Fri Jan  3 17:00:37 2014 - uWSGI worker 8 screams: UAAAAAAH my master disconnected: i will kill myself !!!
Fri Jan  3 03:00:37 2014 - uWSGI worker 9 screams: UAAAAAAH my master disconnected: i will kill myself !!!
Fri Jan  3 03:00:37 2014 - uWSGI worker 10 screams: UAAAAAAH my master disconnected: i will kill myself !!!
